Added Component: Designator=P8(18650 holder)
Add component (AddParameter): Name = "LatestRevisionDate"; Value = "17-Jul-2002"; VariantName = "[No Variations]"
Add component (AddParameter): Name = "LatestRevisionNote"; Value = "Re-released for DXP Platform."; VariantName = "[No Variations]"
Add component (AddParameter): Name = "Publisher"; Value = "Altium Limited"; VariantName = "[No Variations]"
Added Component: Designator=U2(TP4056 module)
Added Component: Designator=U3(DC/DC converter module)
Added Pin To Net: NetName=Battery+ Pin=P8-1
Added Pin To Net: NetName=Battery- Pin=P8-2
Added Pin To Net: NetName=Solar+ Pin=U2-1
Added Pin To Net: NetName=Solar- Pin=U2-2
Added Pin To Net: NetName=Battery+ Pin=U2-3
Added Pin To Net: NetName=Battery- Pin=U2-4
Added Pin To Net: NetName=NetU2_5 Pin=U2-5
Added Pin To Net: NetName=NetU2_6 Pin=U2-6
Added Pin To Net: NetName=NetU2_5 Pin=U3-1
Added Pin To Net: NetName=NetU2_6 Pin=U3-2
Added Pin To Net: NetName=+5V Pin=U3-3
Added Pin To Net: NetName=ADDR_BH Pin=U3-4
Added Member To Class: ClassName=esp32_weather_station_schematic_main Member=Component P8 Header 2
Added Member To Class: ClassName=esp32_weather_station_schematic_main Member=Component U2 TP4056 charger
Added Member To Class: ClassName=esp32_weather_station_schematic_main Member=Component U3 DC/DC converter
Added Room: Name=esp32_weather_station_schematic_main
